<?xml version="1.0" encoding="UTF-8"?>
<!-- Generated by org.testng.reporters.JUnitReportReporter -->
<testsuite hostname="LAPTOP-ECIVHE0M" failures="0" tests="1" name="test.TC005_DeleteContact" time="8.347" errors="0" timestamp="2025-02-26T23:52:08 IST" skipped="0">
  <testcase classname="test.TC005_DeleteContact" name="deleteContact" time="8.347"/>
  <system-out/>
</testsuite> <!-- test.TC005_DeleteContact -->
