<?xml version="1.0" encoding="UTF-8"?>
<!-- Generated by org.testng.reporters.JUnitReportReporter -->
<testsuite hostname="LAPTOP-ECIVHE0M" failures="0" tests="1" name="test.TC005_DeleteContactAndLogout" time="8.004" errors="0" timestamp="2025-03-01T18:47:27 IST" skipped="0">
  <testcase classname="test.TC005_DeleteContactAndLogout" name="deleteContact" time="8.004"/>
  <system-out/>
</testsuite> <!-- test.TC005_DeleteContactAndLogout -->
