<?xml version="1.0" encoding="UTF-8"?>
<!-- Generated by org.testng.reporters.JUnitReportReporter -->
<testsuite hostname="LAPTOP-ECIVHE0M" failures="0" tests="2" name="test.TC004_EditContact" time="31.301" errors="0" timestamp="2025-03-01T18:47:27 IST" skipped="0">
  <testcase classname="test.TC004_EditContact" name="editContact" time="20.624"/>
  <system-out/>
  <testcase classname="test.TC004_EditContact" name="editContactAndWitEmptyField" time="10.677"/>
  <system-out/>
</testsuite> <!-- test.TC004_EditContact -->
