<?xml version="1.0" encoding="UTF-8"?>
<!-- Generated by org.testng.reporters.JUnitReportReporter -->
<testsuite hostname="LAPTOP-ECIVHE0M" failures="0" tests="1" name="test.TC002_LoginTest" time="6.403" errors="0" timestamp="2025-03-01T18:47:27 IST" skipped="0">
  <testcase classname="test.TC002_LoginTest" name="loginTest" time="6.403"/>
  <system-out/>
</testsuite> <!-- test.TC002_LoginTest -->
