<?xml version="1.0" encoding="UTF-8"?>
<!-- Generated by org.testng.reporters.JUnitReportReporter -->
<testsuite hostname="LAPTOP-ECIVHE0M" failures="0" tests="1" name="test.TC002_LoginTest" time="7.305" errors="0" timestamp="2025-02-25T23:04:31 IST" skipped="0">
  <testcase classname="test.TC002_LoginTest" name="loginTest" time="7.305"/>
  <system-out/>
</testsuite> <!-- test.TC002_LoginTest -->
