<?xml version="1.0" encoding="UTF-8"?>
<!-- Generated by org.testng.reporters.JUnitReportReporter -->
<testsuite hostname="LAPTOP-ECIVHE0M" failures="0" tests="4" name="test.TC003_AddNewContact" time="27.523" errors="0" timestamp="2025-02-25T23:48:34 IST" skipped="0">
  <testcase classname="test.TC003_AddNewContact" name="addNewContactWithMissingFields" time="6.921"/>
  <system-out/>
  <testcase classname="test.TC003_AddNewContact" name="addNewContactWithAllFields" time="6.884"/>
  <system-out/>
  <testcase classname="test.TC003_AddNewContact" name="addNewContactWithDuplicateValues" time="7.459"/>
  <system-out/>
  <testcase classname="test.TC003_AddNewContact" name="addNewContactWithInvalidDateFormat" time="6.259"/>
  <system-out/>
</testsuite> <!-- test.TC003_AddNewContact -->
