<?xml version="1.0" encoding="UTF-8"?>
<!-- Generated by org.testng.reporters.JUnitReportReporter -->
<testsuite hostname="LAPTOP-ECIVHE0M" failures="0" tests="1" name="test.TC001_SignupTest" time="27.600" errors="0" timestamp="2025-03-01T19:50:32 IST" skipped="0">
  <testcase classname="test.TC001_SignupTest" name="signupTest" time="27.600"/>
  <system-out/>
</testsuite> <!-- test.TC001_SignupTest -->
