<?xml version="1.0" encoding="UTF-8"?>
<!-- Generated by org.testng.reporters.JUnitReportReporter -->
<testsuite hostname="LAPTOP-ECIVHE0M" failures="0" tests="2" name="test.TC004_EditContact" time="31.028" errors="0" timestamp="2025-03-01T19:50:32 IST" skipped="0">
  <testcase classname="test.TC004_EditContact" name="editContact" time="18.149"/>
  <system-out/>
  <testcase classname="test.TC004_EditContact" name="editContactAndWitEmptyField" time="12.879"/>
  <system-out/>
</testsuite> <!-- test.TC004_EditContact -->
