<?xml version="1.0" encoding="UTF-8"?>
<!-- Generated by org.testng.reporters.JUnitReportReporter -->
<testsuite hostname="LAPTOP-ECIVHE0M" failures="0" tests="4" name="test.TC003_AddNewContact" time="38.452" errors="0" timestamp="2025-03-01T19:50:32 IST" skipped="0">
  <testcase classname="test.TC003_AddNewContact" name="addNewContactWithMissingFields" time="9.331"/>
  <system-out/>
  <testcase classname="test.TC003_AddNewContact" name="addNewContactWithAllFields" time="9.929"/>
  <system-out/>
  <testcase classname="test.TC003_AddNewContact" name="addNewContactWithDuplicateValues" time="9.671"/>
  <system-out/>
  <testcase classname="test.TC003_AddNewContact" name="addNewContactWithInvalidDateFormat" time="9.521"/>
  <system-out/>
</testsuite> <!-- test.TC003_AddNewContact -->
